app/build/intermediates/manifest_merge_blame_file/release/manifest-merger-blame-release-report.txt
1<?xml version="1.0" encoding="utf-8"?>
2<manifest xmlns:android="http://schemas.android.com/apk/res/android"
3    package="com.example.senseit"
4    android:versionCode="1"
5    android:versionName="1.0" >
6
7    <uses-sdk
8        android:minSdkVersion="16"
8-->src\main\AndroidManifest.xml
9        android:targetSdkVersion="30" />
9-->src\main\AndroidManifest.xml
10
11    <uses-permission android:name="android.permission.FOREGROUND_SERVICE" />
11-->src\main\AndroidManifest.xml:5:5-77
11-->src\main\AndroidManifest.xml:5:22-74
12    <uses-permission android:name="android.permission.REQUEST_IGNORE_BATTERY_OPTIMIZATIONS" />
12-->src\main\AndroidManifest.xml:6:5-94
12-->src\main\AndroidManifest.xml:6:22-92
13    <uses-permission android:name="android.permission.WAKE_LOCK" />
13-->src\main\AndroidManifest.xml:7:5-68
13-->src\main\AndroidManifest.xml:7:22-65
14
15    <application
15-->src\main\AndroidManifest.xml:9:5-35:19
16        android:name="com.example.senseit.Globe"
16-->src\main\AndroidManifest.xml:10:9-30
17        android:allowBackup="true"
17-->src\main\AndroidManifest.xml:11:9-35
18        android:appComponentFactory="androidx.core.app.CoreComponentFactory"
18-->[androidx.core:core:1.3.1] AndroidManifest.xml:24:18-86
19        android:icon="@mipmap/ic_launcher"
19-->src\main\AndroidManifest.xml:12:9-43
20        android:label="@string/app_name"
20-->src\main\AndroidManifest.xml:13:9-41
21        android:roundIcon="@mipmap/ic_launcher_round"
21-->src\main\AndroidManifest.xml:14:9-54
22        android:supportsRtl="true"
22-->src\main\AndroidManifest.xml:15:9-35
23        android:theme="@style/Theme.Senseit" >
23-->src\main\AndroidManifest.xml:16:9-45
24        <activity
24-->src\main\AndroidManifest.xml:17:9-22:20
25            android:name="com.example.senseit.HistoryActivity"
25-->src\main\AndroidManifest.xml:18:13-44
26            android:parentActivityName="com.example.senseit.MainActivity" >
26-->src\main\AndroidManifest.xml:19:13-55
27            <meta-data
27-->src\main\AndroidManifest.xml:20:13-21:71
28                android:name="android.support.PARENT_ACTIVITY"
28-->src\main\AndroidManifest.xml:20:24-70
29                android:value="com.example.senseit.HistoryActivity" />
29-->src\main\AndroidManifest.xml:21:17-68
30        </activity>
31        <activity
31-->src\main\AndroidManifest.xml:23:9-31:20
32            android:name="com.example.senseit.MainActivity"
32-->src\main\AndroidManifest.xml:23:19-47
33            android:taskAffinity="" >
33-->src\main\AndroidManifest.xml:24:13-36
34            <intent-filter>
34-->src\main\AndroidManifest.xml:26:13-30:29
35                <action android:name="android.intent.action.MAIN" />
35-->src\main\AndroidManifest.xml:27:17-69
35-->src\main\AndroidManifest.xml:27:25-66
36
37                <category android:name="android.intent.category.LAUNCHER" />
37-->src\main\AndroidManifest.xml:29:17-77
37-->src\main\AndroidManifest.xml:29:27-74
38            </intent-filter>
39        </activity>
40
41        <service android:name="com.example.senseit.ForegroundProcess" />
41-->src\main\AndroidManifest.xml:34:9-54
41-->src\main\AndroidManifest.xml:34:18-51
42    </application>
43
44</manifest>